2019-12-25T01:29:05.673Z thumbsup:warn ffmpeg (https://www.ffmpeg.org) is not installed. You will not be able to process videos.
2019-12-25T01:29:05.676Z thumbsup:warn gifsicle (http://www.lcdf.org/gifsicle) is not installed. You will not be able to process animated GIFs.
2019-12-25T01:29:38.668Z thumbsup:error Error: Theme does not exist: /home/george/Documents/github/jim-photos/file:/theme
2019-12-25T01:29:38.668Z thumbsup:error     at Theme.validateStructure (/usr/local/lib/node_modules/thumbsup/src/website/theme.js:51:13)
2019-12-25T01:29:38.668Z thumbsup:error     at Theme.prepare (/usr/local/lib/node_modules/thumbsup/src/website/theme.js:24:10)
2019-12-25T01:29:38.668Z thumbsup:error     at async.series.next (/usr/local/lib/node_modules/thumbsup/src/website/website.js:40:19)
2019-12-25T01:29:38.668Z thumbsup:error     at eachfn (/usr/local/lib/node_modules/thumbsup/node_modules/async/dist/async.js:2952:28)
2019-12-25T01:29:38.668Z thumbsup:error     at replenish (/usr/local/lib/node_modules/thumbsup/node_modules/async/dist/async.js:444:21)
2019-12-25T01:29:38.668Z thumbsup:error     at iterateeCallback (/usr/local/lib/node_modules/thumbsup/node_modules/async/dist/async.js:428:21)
2019-12-25T01:29:38.668Z thumbsup:error     at /usr/local/lib/node_modules/thumbsup/node_modules/async/dist/async.js:325:20
2019-12-25T01:29:38.668Z thumbsup:error     at result (/usr/local/lib/node_modules/thumbsup/node_modules/async/dist/async.js:2957:17)
2019-12-25T01:29:38.668Z thumbsup:error     at err (/usr/local/lib/node_modules/thumbsup/node_modules/async/dist/async.js:2959:19)
2019-12-25T01:29:38.668Z thumbsup:error     at wrapper (/usr/local/lib/node_modules/thumbsup/node_modules/async/dist/async.js:272:20)
2019-12-25T01:31:41.305Z thumbsup:warn ffmpeg (https://www.ffmpeg.org) is not installed. You will not be able to process videos.
2019-12-25T01:31:41.307Z thumbsup:warn gifsicle (http://www.lcdf.org/gifsicle) is not installed. You will not be able to process animated GIFs.
2019-12-25T01:34:14.440Z thumbsup:warn ffmpeg (https://www.ffmpeg.org) is not installed. You will not be able to process videos.
2019-12-25T01:34:14.442Z thumbsup:warn gifsicle (http://www.lcdf.org/gifsicle) is not installed. You will not be able to process animated GIFs.
2019-12-25T01:41:35.262Z thumbsup:warn ffmpeg (https://www.ffmpeg.org) is not installed. You will not be able to process videos.
2019-12-25T01:41:35.264Z thumbsup:warn gifsicle (http://www.lcdf.org/gifsicle) is not installed. You will not be able to process animated GIFs.
2019-12-25T01:42:09.374Z thumbsup:warn ffmpeg (https://www.ffmpeg.org) is not installed. You will not be able to process videos.
2019-12-25T01:42:09.376Z thumbsup:warn gifsicle (http://www.lcdf.org/gifsicle) is not installed. You will not be able to process animated GIFs.
2019-12-25T01:43:39.355Z thumbsup:warn ffmpeg (https://www.ffmpeg.org) is not installed. You will not be able to process videos.
2019-12-25T01:43:39.357Z thumbsup:warn gifsicle (http://www.lcdf.org/gifsicle) is not installed. You will not be able to process animated GIFs.
2019-12-25T01:49:02.673Z thumbsup:warn ffmpeg (https://www.ffmpeg.org) is not installed. You will not be able to process videos.
2019-12-25T01:49:02.675Z thumbsup:warn gifsicle (http://www.lcdf.org/gifsicle) is not installed. You will not be able to process animated GIFs.
2019-12-25T01:50:27.965Z thumbsup:warn ffmpeg (https://www.ffmpeg.org) is not installed. You will not be able to process videos.
2019-12-25T01:50:27.967Z thumbsup:warn gifsicle (http://www.lcdf.org/gifsicle) is not installed. You will not be able to process animated GIFs.
2019-12-25T01:51:03.649Z thumbsup:warn ffmpeg (https://www.ffmpeg.org) is not installed. You will not be able to process videos.
2019-12-25T01:51:03.651Z thumbsup:warn gifsicle (http://www.lcdf.org/gifsicle) is not installed. You will not be able to process animated GIFs.
2019-12-25T01:52:36.036Z thumbsup:warn ffmpeg (https://www.ffmpeg.org) is not installed. You will not be able to process videos.
2019-12-25T01:52:36.038Z thumbsup:warn gifsicle (http://www.lcdf.org/gifsicle) is not installed. You will not be able to process animated GIFs.
2019-12-25T01:53:33.893Z thumbsup:warn ffmpeg (https://www.ffmpeg.org) is not installed. You will not be able to process videos.
2019-12-25T01:53:33.895Z thumbsup:warn gifsicle (http://www.lcdf.org/gifsicle) is not installed. You will not be able to process animated GIFs.
2019-12-25T02:01:35.188Z thumbsup:warn ffmpeg (https://www.ffmpeg.org) is not installed. You will not be able to process videos.
2019-12-25T02:01:35.190Z thumbsup:warn gifsicle (http://www.lcdf.org/gifsicle) is not installed. You will not be able to process animated GIFs.
2019-12-25T02:03:53.352Z thumbsup:warn ffmpeg (https://www.ffmpeg.org) is not installed. You will not be able to process videos.
2019-12-25T02:03:53.354Z thumbsup:warn gifsicle (http://www.lcdf.org/gifsicle) is not installed. You will not be able to process animated GIFs.
2019-12-25T02:08:17.389Z thumbsup:warn ffmpeg (https://www.ffmpeg.org) is not installed. You will not be able to process videos.
2019-12-25T02:08:17.391Z thumbsup:warn gifsicle (http://www.lcdf.org/gifsicle) is not installed. You will not be able to process animated GIFs.
2019-12-25T02:11:32.660Z thumbsup:warn ffmpeg (https://www.ffmpeg.org) is not installed. You will not be able to process videos.
2019-12-25T02:11:32.662Z thumbsup:warn gifsicle (http://www.lcdf.org/gifsicle) is not installed. You will not be able to process animated GIFs.
2019-12-25T02:14:23.330Z thumbsup:warn ffmpeg (https://www.ffmpeg.org) is not installed. You will not be able to process videos.
2019-12-25T02:14:23.332Z thumbsup:warn gifsicle (http://www.lcdf.org/gifsicle) is not installed. You will not be able to process animated GIFs.
2019-12-25T02:21:25.661Z thumbsup:warn ffmpeg (https://www.ffmpeg.org) is not installed. You will not be able to process videos.
2019-12-25T02:21:25.663Z thumbsup:warn gifsicle (http://www.lcdf.org/gifsicle) is not installed. You will not be able to process animated GIFs.
2019-12-25T03:36:54.907Z thumbsup:warn ffmpeg (https://www.ffmpeg.org) is not installed. You will not be able to process videos.
2019-12-25T03:36:54.909Z thumbsup:warn gifsicle (http://www.lcdf.org/gifsicle) is not installed. You will not be able to process animated GIFs.
